{"contracts/base/Bridge.sol":{"l":{"38":36,"39":36,"44":4,"45":4,"53":4,"59":4,"60":4,"68":4,"70":4,"75":4,"76":4,"77":4,"78":4},"path":"/Users/suranjanduttamoitra/Dropbox/My Mac (Suranjan’s MacBook Air)/Documents/bsc-eth-bridge/Bridge-Contracts/contracts/base/Bridge.sol","s":{"1":36,"2":36,"3":4,"4":4,"5":4,"6":4,"7":4,"8":4,"9":4,"10":4,"11":4,"12":4},"b":{"1":[4,0],"2":[4,0],"3":[4,0]},"f":{"1":36,"2":4,"3":4,"4":4},"fnMap":{"1":{"name":"constructor","line":37,"loc":{"start":{"line":37,"column":4},"end":{"line":40,"column":4}}},"2":{"name":"burn","line":43,"loc":{"start":{"line":43,"column":4},"end":{"line":54,"column":4}}},"3":{"name":"getNonce","line":58,"loc":{"start":{"line":58,"column":4},"end":{"line":61,"column":4}}},"4":{"name":"mint","line":63,"loc":{"start":{"line":63,"column":4},"end":{"line":86,"column":4}}}},"statementMap":{"1":{"start":{"line":38,"column":8},"end":{"line":38,"column":25}},"2":{"start":{"line":39,"column":8},"end":{"line":39,"column":29}},"3":{"start":{"line":44,"column":8},"end":{"line":44,"column":61}},"4":{"start":{"line":45,"column":8},"end":{"line":45,"column":1266}},"5":{"start":{"line":59,"column":8},"end":{"line":59,"column":65}},"6":{"start":{"line":60,"column":8},"end":{"line":60,"column":20}},"7":{"start":{"line":68,"column":8},"end":{"line":68,"column":65}},"8":{"start":{"line":70,"column":8},"end":{"line":70,"column":1858}},"9":{"start":{"line":75,"column":8},"end":{"line":75,"column":57}},"10":{"start":{"line":76,"column":8},"end":{"line":76,"column":43}},"11":{"start":{"line":77,"column":8},"end":{"line":77,"column":58}},"12":{"start":{"line":78,"column":8},"end":{"line":78,"column":2295}}},"branchMap":{"1":{"line":59,"type":"if","locations":[{"start":{"line":59,"column":8},"end":{"line":59,"column":8}},{"start":{"line":59,"column":8},"end":{"line":59,"column":8}}]},"2":{"line":68,"type":"if","locations":[{"start":{"line":68,"column":8},"end":{"line":68,"column":8}},{"start":{"line":68,"column":8},"end":{"line":68,"column":8}}]},"3":{"line":70,"type":"if","locations":[{"start":{"line":70,"column":8},"end":{"line":70,"column":8}},{"start":{"line":70,"column":8},"end":{"line":70,"column":8}}]}}},"contracts/base/Token.sol":{"l":{"16":51,"17":51,"23":1,"27":1,"28":1},"path":"/Users/suranjanduttamoitra/Dropbox/My Mac (Suranjan’s MacBook Air)/Documents/bsc-eth-bridge/Bridge-Contracts/contracts/base/Token.sol","s":{"1":51,"2":51,"3":1,"4":1},"b":{"1":[1,0]},"f":{"1":51,"2":1,"3":1},"fnMap":{"1":{"name":"constructor","line":15,"loc":{"start":{"line":11,"column":4},"end":{"line":18,"column":4}}},"2":{"name":"updateAdmin","line":22,"loc":{"start":{"line":22,"column":4},"end":{"line":24,"column":4}}},"3":{"name":"onlyAdmin","line":26,"loc":{"start":{"line":26,"column":4},"end":{"line":29,"column":4}}}},"statementMap":{"1":{"start":{"line":16,"column":8},"end":{"line":16,"column":25}},"2":{"start":{"line":17,"column":8},"end":{"line":17,"column":39}},"3":{"start":{"line":23,"column":8},"end":{"line":23,"column":23}},"4":{"start":{"line":27,"column":8},"end":{"line":27,"column":72}}},"branchMap":{"1":{"line":27,"type":"if","locations":[{"start":{"line":27,"column":8},"end":{"line":27,"column":8}},{"start":{"line":27,"column":8},"end":{"line":27,"column":8}}]}}},"contracts/bridge/BridgeBSC.sol":{"l":{},"path":"/Users/suranjanduttamoitra/Dropbox/My Mac (Suranjan’s MacBook Air)/Documents/bsc-eth-bridge/Bridge-Contracts/contracts/bridge/BridgeBSC.sol","s":{},"b":{},"f":{"1":18},"fnMap":{"1":{"name":"constructor","line":7,"loc":{"start":{"line":7,"column":4},"end":{"line":7,"column":62}}}},"statementMap":{},"branchMap":{}},"contracts/bridge/BridgeETH.sol":{"l":{},"path":"/Users/suranjanduttamoitra/Dropbox/My Mac (Suranjan’s MacBook Air)/Documents/bsc-eth-bridge/Bridge-Contracts/contracts/bridge/BridgeETH.sol","s":{},"b":{},"f":{"1":18},"fnMap":{"1":{"name":"constructor","line":7,"loc":{"start":{"line":7,"column":4},"end":{"line":7,"column":62}}}},"statementMap":{},"branchMap":{}},"contracts/Tokens/TokenBSC.sol":{"l":{},"path":"/Users/suranjanduttamoitra/Dropbox/My Mac (Suranjan’s MacBook Air)/Documents/bsc-eth-bridge/Bridge-Contracts/contracts/Tokens/TokenBSC.sol","s":{},"b":{},"f":{"1":33},"fnMap":{"1":{"name":"constructor","line":8,"loc":{"start":{"line":8,"column":4},"end":{"line":8,"column":62}}}},"statementMap":{},"branchMap":{}},"contracts/Tokens/TokenETH.sol":{"l":{},"path":"/Users/suranjanduttamoitra/Dropbox/My Mac (Suranjan’s MacBook Air)/Documents/bsc-eth-bridge/Bridge-Contracts/contracts/Tokens/TokenETH.sol","s":{},"b":{},"f":{"1":18},"fnMap":{"1":{"name":"constructor","line":8,"loc":{"start":{"line":8,"column":4},"end":{"line":8,"column":62}}}},"statementMap":{},"branchMap":{}}}